0.(0099988300198896618757481122820912044495243580859125394868287239116935012
1047942184982855291460045179231953056798034433414631951256828633913223475200
9215843330663378722561716450820336054287077119688965287590110968113542069784
8136581678111472104974215438337548261679551447625390368363737816457120228956
1077461683151386426430750677238486945721922727313635668193640708107962164643
2010655818851079531647961984646261013562769432919640366113776065806881283018
1886907922565316389621376436600577790177566981361316857613420571850278545264
7304995815071143790555560555470557000530990973153456391241348897068749831252
8687012320790546560708467956044747239296931952156813334173319053576089206483
4897806737285466147075499716504819418069892811822199022616615517536201884567
9623446401411176010007829866892262831531863958312708683952372809662235741992
3861294357995914069460819166074176738995437077569681315417637900155697353144
9965350589039986320232556046547208697452143313563669417619900461692151233429
0317064609901631672261571553283594178898958717701799069415819931061171960076
6786964621601432775642814072160773266854463474120939944020951643822055025064
5739022436618577484182768892928820210056429040706307992764123009908831549863
6523179105955198761621052442108484155769351921017342705174012041795289480078
8386597427843726656646837003770935894089800473391952336810274225338169251122
7309135744692340230216086326532448948367877746078316668616633517230207086479
5298479925841260698568124341886187934805108313158676302502857451423325803461
3411572003275944308946747905285610144627541331797359444889436879573047258196
6106576188204800518391187349815053144096550358643903053648087982504297426943
7419563867414253957682719393770305904799618406487089719474768928928208220460
2521757130128787810607219677265486486729725594664890696858153411392006335892
2898310728717611800599389810373223655197861636352182012905780601729770593899
9037016370721697731138570644299046916202424558782500697488142701574073240754
9071665781681711410906014597751838218750281245218831279868242239881922007325
8754601171780079738644443044468244039851322527517032210452422308820750047249
1967636550178646963001628972307470772996859053396092266431470664998695022184
6228614113560069478818860079378650562940430012689784273667347655089863472320
9705435007604870717197807637270166407171078091672441568493335613294573992242
1318837579761144060550970633499230513081277618280489231683061387956404741119
4009701835068803830334884306966781564713399872202172563066427870726197654639
8711221909227543131766759965080593629908291559043496260563570419302871851178
5299649905951598822820012059794983485280750227246136815674133539729824592981
9193073717746798304428824709979930341184199868602233762026045557225527166038
1773509850332544346746105316209624436384581462115144042551276628297318945577
9251752720203756536138885638944137949654855867450253345693123216905312609685
6353441991486144735539495828570914294456994231098071332787342615175542015785
7316425620764447004400925184271867378254569672315570635299199913601468775030
8244759839082735593494910586520029159504288427096739355430957673719546767704
9490158667302655854850467542051785119652965899579707144978535364898796720455
7522522117124008891848838569744314346656106846183614878547064699900101698271
1293908003563939413029978490365663783715676833493830604879717044810238225950
1588472995959068695832170853095497376544598741821389036386381431515664233708
0269635416197924635281200219596266863463321123540899804703320043559259492588
6259933581129120804946315912629485298749921251338727241636892172833061837948
7548711671901577673179555947548891668841629692295230981073321753530189986770
2249061765949978850359543887753908183560879465049094165399188213800365393788
3055988048203180545930719177773977842376679596446860403373142656574838227750
1282478197870636199184613861564353405992098134331716360821866028277519282172
2030725477666879663045728222620215456337242266881463015128742811372206672486
5677283486180734927506232394049301161880248035783391682341400196196664656700
8360857865416287923105307209777433783625678363467821047042200282595195881670
0116098026333552329610396623257404624121389936371081691611242608875649113965
0625939359030896474759929081205619504468424036791374546632707243976852393509
3103417241906887582911090511461305157812317190607759668085642544076750695238
1809509238342948169881112021095641374096640357113929063205925499266512469288
0221036242383879474048941168000143997552041615292540026819544067750848235579
9951400826185954838767740948403877134088720491751640222116224024191588742991
3691467245056834033821425035774391835338799240412912980479331851358526905042
6142755573155256360641869088225500166497169548117681999406010097828336918272
3893693807205277510282325200471591982936290083068587834006821884027971524484
0837705759002096964351606022697614140559610486621727430633679227453133296733
9555227561131460765166992161133260734567512352290011069811813199175614014561
7524502083464581102121263938513045278230270085408548054683070387803407342075
1847218597283846174615031544463744116350022049625156372341670191606742685374
3486360731867558251509724334686310332724343686157335325299469909011546803704
3370262705534005921899327711428905708602953749786253633688227300135897689739
2744323346503109447139398630223286204134529712994879087055520056159045296229
9640906104596221864228308118761981046322212522387119418969877512082294600991
7831396866253273694347196097666339672225572165273190355763952012815782131703
7610360623869394220298254929666195674673530549980650328944407945064933896123
7658959797683439381530513981262318540584810058229010106828183920873345153132
3967492552626605347709088945487926705246010817816097126348852069514818248089
7824736979471348987067219857262426538748841269698415126942841971686481329817
3931043172266071476784894656790834555812551186629827292936020087658509805333
3093337413263974512433288634093220415252940700008099862302340860205376508599
3538109852132513747266296472959959680685428347718088792490527661029762494037
6013607768667932645145032534446914402455158262309540737807457273226355151962
4166389171384086470530000989983170286105136212684384365465787081619612466588
0680028439516528219020276655296859953380792526527049040166317172608065662883
7309765733982522297120948943867954244777838776740795406478089872472167973144
4565442387479412849981550313644668040643309063745916319422569816313122676914
4924536282883190985753242194882686994321096541358796900452692304230828075922
7093139416629917291406046097216347322095524376085606544688740291415045944218
9482778792760523071107791167550151647421993826104956215744332346350112048095
1823818995077083689577277186287833106837183767875946108916148425476766894962
7856326442450478341868188240799906401591172950059848982567296355961948646873
0031589462979129354800968383537479862842331680361433855624454384275467317055
6100546290713057878016073726746645307029780493731606562688434296616957511722
3007208877449083365582785092653424891776839793723506700386093436411581003122
9469099025316569618316488619693465211091411446005417907895565775381818509085
3455491256648636973171456085246550808636253183695877170088108502155463357122
9289102085264550502641455095263380522531116971011492804622321420535850890534
8609073645748022283621178439966520569150324444484443764456004247927785227651
1299307911765499986500229496098566324372485667743648357977914375455617254506
6733865524286087136518679182453898283729176603997732038555344559142494577592
1809329241402896150765436987571211289408080062638935138102652254911666501669
4716189824772978859359390890354863967312555686553328593413911963496620557450
5233411032012455788251599722804712319890561860448372377669579617146508509355
3409592036935372098674322536516879213053378092572426268753431191669741614392
5553265594484893756806134295716972811462205142512577286186134835707792967519
5521676131505764402005165912179492948619873462151143430561680451432325650463
9421129840792706523989092185432847641590092968419536867873246154815368138741
6413920963343623158406307092779422749813253174696030167487152718403787135618
6944821938027053540089818473085957538721841728690612259591586943021968626533
3489330681378416566918362387839406730085588544994735089503478440866505269410
4200228596113866064276907292576026207554471573983242284881157020330654378875
5591154950365843780655728852609505638404147129498798520425152772402869151224
4291847038600343794155499356510939314031661461755150162447238396947251896717
7557981514314256657636820174057041030302484857757418123891893837804757319125
5748652272911360506871383186485829740894404795118482985789241582893090817456
1032462448138381647511992296130965773581849108565154392375329619396470260005
5799051416125925859260392573326253453691287248116782014705750002249961750650
2389459379190553760586070036809374240637909155544355745952318810580220136257
6836193784705660003779935741092401429175704013031778459766183974872427168738
1314517653199895601774769828912908480555830550880635029204503523440101518274
1893387812407189077785677643480060838965737582461098161331257368624733379532
5479466849063565919379370550700638089152484407765067993844104650220946243913
8534644911036512379289552077614680550430642679074455734252517707198977617380
5045314229658095812371189689775273820345054134079720644749039266332472347970
0845085633544229748094282397199247612790582560096478359867882246001817969094
5253930683178385967438553544589741974386435430597679839442729473598948817870
0962083644578042173283054188078802660354773968842529676995491076651696921152
3404102130263785515646234014021761630052289111085111553103597238846939602026
7655449857352425008774850827535931889157884315966628567314355655953848784570
6622987409214043361262858531404966115576035207401474174939026036557378524565
0823935993088117502002465958078712661884747959284692160233276034307416773914
8434476613897563741416395921269338421246838803740336414280957223727196637657
1598282829191903737636460180176936992071134790708557954514773248854769468919
0283765175992008135861690351264028511515304239827922925310269725414667950644
8390377363584819058076012707783967672549566657366824763979012356789934571112
2910910514521253138696642157083329583397082249601756770134907706568988327198
4376265603484740759407090079468649032966439570527301035882389999370010709817
9330951373826644947035900389693375212621385436447580391133350733037538361847
8485865740282415198941617992494127599830802876351102031265468487035720392753
3231935057104029231503064447904385625444367445753422191822739013436771574883
2269851412525987058220010259825582965089593476910892514827247936785074653730
8865749282262201542573776245803821335037304365825780961723650697938135051704
1210299424909776533798925418267889445879420049859152394409295041984286267133
4587312015695733172536066886862923330303384842457678219470269005426907742568
3763376022607615670533600928784210668418636883172986059236992971119490968653
5328899408710051929117205007514872247171798079432649644956035747392294330996
3730616579518148191480744827337935255100663288724091690441262498537524862077
3446851403526140055619054476073906743585359048896168765130992773122856911432
5056474039941320997543041768289939071035792391529344001151980416332922340320
2145563525420067858846399611206609487638710141927587231017072709763934013121
7769297921935327099439309531737960454672270571400286195134682710393923303303
8438346548108682152403409142044585242050885134952705804001331977356384941455
9952480807826266953461791149550457642220082258601603772735863490320664548702
6720545750722237721958726701646072016775714812848181580913124476883892973819
4450694338196250663738716441820489051686121335937289066085876540098818320088
5584945055934049121164940196016667716648816970111508104362225842160683268384
4374645631024272587366014777748778270769396920252355709952930800176397001250
9787333615328539414829947890885854940466012077794677490482661794749489258682
6023957592720923744296346962101644272047375194621691431245668823629998290029
0695058184010871815179141954586772024875577115189041786289633076237703959032
6964441604492723623698397127248836769774913826464950095848370577700179096955
3517590200966583568079342651174930026189554777568781330717377804577322185522
8461116161025262570536300882884990955153762386039437329565397388244399845202
6315552635605194711689901271678381467515052244111850098548324678480465832080
8546254713669867612250591739940421012842781672711563903413641968086542528777
0107908165561185459847182597895835770791896537758858099412309990730157587321
0155427357734918506385391448345378128571814279157254326676446500409493038618
3434881607012680784426664746699306111796099466309072745763322023525600064798
8984187268816430120687948304878817060109978130371783679677445483426781744710
3399242212882380999523008108862149343461161160260275575315219641266098476325
9024596581858108412156993331113371072691764240007919865362288841089701475074
9237262966529568997327045440227516132225752162213242374879627046340212216392
3213305373808645253030698478125871860178376967591550943633958222710213926363
2518247189797773437851556523539099835302799852402509157344325146472509967330
5553805585305049814153159396290263065527886025937559061495954568772330870375
2036215384338466246073816745115333039338331248368777730778576764195008684852
3575099223313203675537515862230342084184568862329340401213179375950608839649
7259546587708008963847614590551960616669516618217490302664854697470143007568
8713291874038141351597022850611539603826734945505926399251212729383600478791
8605383708476955891749840252715703833034838407747068299838902738653442891470
8449956350742037385364448804370325704463024128589813973162456238243949852852
5015074743729356600937784057671019592666924662280741227399134214718349788053
6030887474912926480249835752792202532556946531908957547721688731291568043343
2631645262030545480726827643930053189095785371648681972406469090025469567017
3607048680172437068569834312816682116404021131640762107044180248935768091942
4369785713642868071242788872589165984178268969427519732164553202595555875550
1156480339834222818212090394463294123999892001835968788530594979885341949186
8638233150036449380360533870924194288697092149433459631186269833412831981856
3084427564731399566207374474633931223169206123495900569690315264640501111481
1048212180392933320133557729518598183830874875127122838911738500445492426628
7473112957079729644596041867288256099646306012797782437698559124494883586979
0213566369371720680748427276736295482976789394580292135033704427024740579410
1500274495333579329151404426124755879150054449074365735782491697641140100618
2894890786856623437401564173409052046115216041327297435943588958987697209147
4444934436114586052037115369038726341652191912737483462781132720743747356294
9429859692385229451099331311367706748985267250456742235381998506025397568241
3398972217472302970849495558575504216428320718547784687660309774733829524898
0767326955441757490122667914645451027332535346899102715253840684708359957880
7160278275269320421552833601828768910928514215258340608209660435772591865938
2790492561626452350310044729239602926750245245830820876045107233177035990388
1634012221792229532097954334776308802750353243994852087514512253291694041201
2995779071755780151737420463852114514053261094561392456328242419878862059344
9911351507024380585530045989218183290884054971065491886637927155238360947863
8863139326631447265396488259699585107053180095938369047726188654792868521235
1390026369551717620800446392411329007406874083140586610027629530297984934256
1176460000179996940052019115675033524430084688560294474993925103273244354845
9676185504846417610900614689550277645280030239485928739211433405632104254227
6781294717989794173499050516141225599164814198158631303267844446644407045080
2336360281875208121461935147102499257512622285421147840486711725900659688785
2906500589489978670362603835734792508527355034964405605104713219875262120543
9507528372017675699513108277159288292099034316416620917444403445141432595645
8740201416575918209390440362513837264766498969517518202190562760433072637765
1579923141306597787837606760685068353837984754259177593980902324660480771826
8789430579680145437527562031445465427087739508428356717935795091483444781438
7155418357887915905429607696669156624337386264433504630421282838191750740237
4159639286132135753692187232817042110284125169872112174093040418312888680892
4248287779107755168162141243598858819400070198806620287455113263074527733028
5385148452476307902765652983899273712346890102868251239728924608281659211793
3995122082924590281965206591487944704940016019727664629701295077983674277537
2818662082744593341913187475812911180509931331167370154707369974710429922691
3142476577898175731012572786262633535229901091681441415495936569078325668463
6361181859908381557513522270121407936065086893522810112228092122433918623383
4024821578033173436051587123018908678552464608101662271741380396533258934598
1118320988543194765688983287284116170025109573137256666636667176657996814054
1610792616525519066175875010124827877926075256720635749192263731516564218408
2870591199949600856785434647610990613159576287203117547001700971083491580643
1290668058643003068947827886925922259321591532943939953020798646423010808816
2501237478962857631420265855480456832233852024515583235085003554939566027377
5345819121074941725990658158811300207896465760082078604663720716747815287140
1186179834942805972298470925994258097612340590209966430570680298434926606247
6937892055835050804136329682395399278212270391403346143115567035360398873219
1552743603358742901370676698496125565865380288535094903386642427078739661425
7557621520434152619405470107008180860925364268807430273685347349095065383888
4738959437689559277492282631195269680415432937640060118977977374384635461197
1596482859791383546479709844932636145185531845958618703482040805306309792733
52353)
